2021-08-05 14:10:38 [INFO ] [main] [KetiWeatherCollector:55] - Starting KetiWeatherCollector using Java 11.0.11 on gangbinpark-2.local with PID 14111 (/Users/gangbinpark/gorotis11/ketiClust/keti-weather-collector/build/classes/java/main started by gangbinpark in /Users/gangbinpark/gorotis11/ketiClust/keti-weather-collector)
2021-08-05 14:10:38 [INFO ] [main] [KetiWeatherCollector:668] - The following profiles are active: local,common
2021-08-05 14:10:38 [INFO ] [main] [RepositoryConfigurationDelegate:128] - Bootstrapping Spring Data JPA repositories in DEFAULT mode.
2021-08-05 14:10:38 [INFO ] [main] [RepositoryConfigurationDelegate:188] - Finished Spring Data repository scanning in 33 ms. Found 1 JPA repository interfaces.
2021-08-05 14:10:38 [INFO ] [main] [LogHelper:31] - HHH000204: Processing PersistenceUnitInfo [name: default]
2021-08-05 14:10:38 [INFO ] [main] [Version:44] - HHH000412: Hibernate ORM core version 5.4.32.Final
2021-08-05 14:10:38 [INFO ] [main] [Version:56] - HCANN000001: Hibernate Commons Annotations {5.1.2.Final}
2021-08-05 14:10:39 [INFO ] [main] [HikariDataSource:110] - HikariPool-1 - Starting...
2021-08-05 14:10:39 [INFO ] [main] [HikariDataSource:123] - HikariPool-1 - Start completed.
2021-08-05 14:10:39 [INFO ] [main] [Dialect:175] - HHH000400: Using dialect: org.hibernate.dialect.MariaDB103Dialect
2021-08-05 14:10:39 [INFO ] [main] [JtaPlatformInitiator:52] - HHH000490: Using JtaPlatform implementation: [org.hibernate.engine.transaction.jta.platform.internal.NoJtaPlatform]
2021-08-05 14:10:39 [INFO ] [main] [LocalContainerEntityManagerFactoryBean:437] - Initialized JPA EntityManagerFactory for persistence unit 'default'
2021-08-05 14:10:39 [INFO ] [main] [WeatherCollector:53] - ##### Init Configuration
2021-08-05 14:10:39 [INFO ] [main] [WeatherCollector:54] - ##### target 50
2021-08-05 14:10:39 [INFO ] [main] [WeatherCollector:55] - ##### interval 6
2021-08-05 14:10:40 [INFO ] [main] [KetiWeatherCollector:61] - Started KetiWeatherCollector in 2.679 seconds (JVM running for 3.023)
2021-08-05 14:10:40 [INFO ] [main] [WeatherCollector:38] - ##### Scheduler Configuration
2021-08-05 14:10:40 [INFO ] [main] [WeatherCollector:39] - ##### poolSize: 1
2021-08-05 14:10:40 [INFO ] [main] [WeatherCollector:40] - ##### threadNamePrefix: weather-collector-
2021-08-05 14:10:40 [INFO ] [main] [WeatherCollector:98] - ##### cron 0 0/6 * * * *
2021-08-05 14:11:21 [INFO ] [SpringContextShutdownHook] [LocalContainerEntityManagerFactoryBean:651] - Closing JPA EntityManagerFactory for persistence unit 'default'
2021-08-05 14:11:21 [INFO ] [SpringContextShutdownHook] [HikariDataSource:350] - HikariPool-1 - Shutdown initiated...
2021-08-05 14:11:21 [INFO ] [SpringContextShutdownHook] [HikariDataSource:352] - HikariPool-1 - Shutdown completed.
